<?xml version="1.0" encoding="UTF-8"?>
<!-- Generated by org.testng.reporters.JUnitXMLReporter -->
<testsuite ignored="0" hostname="DESKTOP-KKKOATN" failures="0" tests="4" name="Test" time="40.794" errors="0" timestamp="2022-05-17T14:37:59 IST">
  <testcase classname="demoIrctc.twoTest" name="testTwo" time="0.036"/>
  <testcase classname="demoIrctc.threeTest" name="TestThree" time="0.009"/>
  <testcase classname="demoIrctc.oneTest" name="onetest" time="0.006"/>
  <testcase classname="demoIrctc.LoginTest" name="login" time="40.528"/>
</testsuite> <!-- Test -->
