<?xml version="1.0" encoding="UTF-8"?>
<!-- Generated by org.testng.reporters.JUnitXMLReporter -->
<testsuite ignored="0" hostname="DESKTOP-KKKOATN" failures="0" tests="4" name="Test" time="33.579" errors="0" timestamp="2022-05-17T20:54:41 IST">
  <testcase classname="demoIrctc.twoTest" name="testTwo" time="0.017"/>
  <testcase classname="demoIrctc.threeTest" name="TestThree" time="0.002"/>
  <testcase classname="demoIrctc.oneTest" name="onetest" time="0.001"/>
  <testcase classname="demoIrctc.LoginTest" name="login" time="33.464"/>
</testsuite> <!-- Test -->
