<?xml version="1.0" encoding="UTF-8"?>
<testng-results ignored="0" total="4" passed="4" failed="0" skipped="0">
  <reporter-output>
  </reporter-output>
  <suite started-at="2022-05-17T20:54:07 IST" name="Suite" finished-at="2022-05-17T20:54:41 IST" duration-ms="33579">
    <groups>
    </groups>
    <test started-at="2022-05-17T20:54:07 IST" name="Test" finished-at="2022-05-17T20:54:41 IST" duration-ms="33579">
      <class name="demoIrctc.twoTest">
        <test-method signature="testTwo()[pri:0, instance:demoIrctc.twoTest@9353778]" started-at="2022-05-17T20:54:07 IST" name="testTwo" finished-at="2022-05-17T20:54:07 IST" duration-ms="17" status="PASS">
          <reporter-output>
          </reporter-output>
        </test-method> <!-- testTwo -->
      </class> <!-- demoIrctc.twoTest -->
      <class name="demoIrctc.LoginTest">
        <test-method signature="login()[pri:0, instance:demoIrctc.LoginTest@5e82df6a]" started-at="2022-05-17T20:54:07 IST" name="login" finished-at="2022-05-17T20:54:41 IST" duration-ms="33464" status="PASS">
          <reporter-output>
          </reporter-output>
        </test-method> <!-- login -->
      </class> <!-- demoIrctc.LoginTest -->
      <class name="demoIrctc.oneTest">
        <test-method signature="onetest()[pri:0, instance:demoIrctc.oneTest@7a69b07]" started-at="2022-05-17T20:54:07 IST" name="onetest" finished-at="2022-05-17T20:54:07 IST" duration-ms="1" status="PASS">
          <reporter-output>
          </reporter-output>
        </test-method> <!-- onetest -->
      </class> <!-- demoIrctc.oneTest -->
      <class name="demoIrctc.threeTest">
        <test-method signature="TestThree()[pri:0, instance:demoIrctc.threeTest@1139b2f3]" started-at="2022-05-17T20:54:07 IST" name="TestThree" finished-at="2022-05-17T20:54:07 IST" duration-ms="2" status="PASS">
          <reporter-output>
          </reporter-output>
        </test-method> <!-- TestThree -->
      </class> <!-- demoIrctc.threeTest -->
    </test> <!-- Test -->
  </suite> <!-- Suite -->
</testng-results>
